<?xml version="1.0" encoding="UTF-8"?>
<!-- Generated by org.testng.reporters.JUnitReportReporter -->
<testsuite hostname="shashwat" name="com.Astegic.TestCases.LoginTest" tests="3" failures="0" timestamp="27 May 2016 07:05:21 GMT" time="36.613" errors="0">
  <testcase name="loginTest" time="14.765" classname="com.Astegic.TestCases.LoginTest"/>
  <testcase name="loginTest" time="12.619" classname="com.Astegic.TestCases.LoginTest"/>
  <testcase name="loginTest" time="9.229" classname="com.Astegic.TestCases.LoginTest"/>
</testsuite> <!-- com.Astegic.TestCases.LoginTest -->
