<?xml version="1.0" encoding="UTF-8"?>
<!-- Generated by org.testng.reporters.JUnitReportReporter -->
<testsuite hostname="shashwat" name="com.Astegic.TestCases.LoginTest" tests="3" failures="0" timestamp="27 May 2016 05:51:31 GMT" time="64.134" errors="0">
  <testcase name="loginTest" time="14.249" classname="com.Astegic.TestCases.LoginTest"/>
  <testcase name="loginTest" time="39.703" classname="com.Astegic.TestCases.LoginTest"/>
  <testcase name="loginTest" time="10.182" classname="com.Astegic.TestCases.LoginTest"/>
</testsuite> <!-- com.Astegic.TestCases.LoginTest -->
